[debug] [2019-05-17T19:52:58.797Z] ----------------------------------------------------------------------
[debug] [2019-05-17T19:52:58.800Z] Command:       /home/dominik-linux/.nvm/versions/node/v11.14.0/bin/node /home/dominik-linux/.nvm/versions/node/v11.14.0/bin/firebase deploy
[debug] [2019-05-17T19:52:58.801Z] CLI Version:   6.7.1
[debug] [2019-05-17T19:52:58.801Z] Platform:      linux
[debug] [2019-05-17T19:52:58.801Z] Node Version:  v11.14.0
[debug] [2019-05-17T19:52:58.801Z] Time:          Fri May 17 2019 21:52:58 GMT+0200 (Central European Summer Time)
[debug] [2019-05-17T19:52:58.801Z] ----------------------------------------------------------------------
[debug] 
[debug] [2019-05-17T19:52:58.816Z] > command requires scopes: ["email","openid","https://www.googleapis.com/auth/cloudplatformprojects.readonly","https://www.googleapis.com/auth/firebase","https://www.googleapis.com/auth/cloud-platform"]
[debug] [2019-05-17T19:52:58.816Z] > authorizing via signed-in user
[debug] [2019-05-17T19:52:58.817Z] [iam] checking project awesome-league-manager for permissions ["firebase.projects.get","firebasehosting.sites.update"]
[debug] [2019-05-17T19:52:58.818Z] > refreshing access token with scopes: ["email","https://www.googleapis.com/auth/cloud-platform","https://www.googleapis.com/auth/cloudplatformprojects.readonly","https://www.googleapis.com/auth/firebase","openid"]
[debug] [2019-05-17T19:52:58.818Z] >>> HTTP REQUEST POST https://www.googleapis.com/oauth2/v3/token  
 <request body omitted>
[debug] [2019-05-17T19:52:59.121Z] <<< HTTP RESPONSE 200
[debug] [2019-05-17T19:52:59.127Z] >>> HTTP REQUEST POST https://cloudresourcemanager.googleapis.com/v1/projects/awesome-league-manager:testIamPermissions  

[debug] [2019-05-17T19:53:00.302Z] <<< HTTP RESPONSE 200
[debug] [2019-05-17T19:53:00.306Z] >>> HTTP REQUEST GET https://firebase.googleapis.com/v1beta1/projects/awesome-league-manager  
 
[debug] [2019-05-17T19:53:00.966Z] <<< HTTP RESPONSE 200
[info] 
[info] === Deploying to 'awesome-league-manager'...
[info] 
[info] i  deploying hosting
[debug] [2019-05-17T19:53:00.978Z] >>> HTTP REQUEST POST https://firebasehosting.googleapis.com/v1beta1/sites/awesome-league-manager/versions  

[debug] [2019-05-17T19:53:02.797Z] <<< HTTP RESPONSE 200
[info] i  hosting[awesome-league-manager]: beginning deploy...
[info] i  hosting[awesome-league-manager]: found 25 files in dist/league-manager
[debug] [2019-05-17T19:53:02.818Z] [hosting] hash cache [ZGlzdC9sZWFndWUtbWFuYWdlcg] load error: lines is not defined
[debug] [2019-05-17T19:53:04.073Z] [hosting] hash cache [ZGlzdC9sZWFndWUtbWFuYWdlcg] stored for 25 files
[debug] [2019-05-17T19:53:04.073Z] [hosting][hash queue][FINAL]
[debug] [2019-05-17T19:53:04.073Z] >>> HTTP REQUEST POST https://firebasehosting.googleapis.com/v1beta1/sites/awesome-league-manager/versions/f9810679ebe37791:populateFiles  
 <request body omitted>
[debug] [2019-05-17T19:53:05.800Z] <<< HTTP RESPONSE 200
[debug] [2019-05-17T19:53:05.827Z] [hosting][populate queue][FINAL]
[debug] [2019-05-17T19:53:05.827Z] [hosting] uploads queued: 10
